
**>Enter a message word in bits no longer than 26 bits.
To Exit, press 'Ctrl+c' in DOS; 'Ctrl+z' in Windows:->
Message Word received       = 11
m = Length of the Message   = 2
r = Number of Check Bits    = 3
n = Length of the Code Word = 5
 b[][] =  


   p[] =   3  2  2

c[0][] =   1  3  5
c[1][] =   2  3
c[2][] =   4  5

Code Word built =  0 1 1 1 1

**>Enter a message word in bits no longer than 26 bits.
To Exit, press 'Ctrl+c' in DOS; 'Ctrl+z' in Windows:->
Message Word received       = 101
m = Length of the Message   = 3
r = Number of Check Bits    = 3
n = Length of the Code Word = 6
 b[][] =  


   p[] =   3  3  3

c[0][] =   1  3  5
c[1][] =   2  3  6
c[2][] =   4  5  6

Code Word built =  1 0 1 1 0 1

**>Enter a message word in bits no longer than 26 bits.
To Exit, press 'Ctrl+c' in DOS; 'Ctrl+z' in Windows:->
Message Word received       = 1010
m = Length of the Message   = 4
r = Number of Check Bits    = 3
n = Length of the Code Word = 7
 b[][] =  


   p[] =   4  4  4

c[0][] =   1  3  5  7
c[1][] =   2  3  6  7
c[2][] =   4  5  6  7

Code Word built =  1 0 1 1 0 1 0

**>Enter a message word in bits no longer than 26 bits.
To Exit, press 'Ctrl+c' in DOS; 'Ctrl+z' in Windows:->
Message Word received       = 10101
m = Length of the Message   = 5
r = Number of Check Bits    = 4
n = Length of the Code Word = 9
 b[][] =  


   p[] =   5  4  4  2

c[0][] =   1  3  5  7  9
c[1][] =   2  3  6  7
c[2][] =   4  5  6  7
c[3][] =   8  9

Code Word built =  0 0 1 1 0 1 0 1 1

**>Enter a message word in bits no longer than 26 bits.
To Exit, press 'Ctrl+c' in DOS; 'Ctrl+z' in Windows:->
Message Word received       = 101010
m = Length of the Message   = 6
r = Number of Check Bits    = 4
n = Length of the Code Word = 10
 b[][] =  


   p[] =   5  5  4  3

c[0][] =   1  3  5  7  9
c[1][] =   2  3  6  7 10
c[2][] =   4  5  6  7
c[3][] =   8  9 10

Code Word built =  0 0 1 1 0 1 0 1 1 0

**>Enter a message word in bits no longer than 26 bits.
To Exit, press 'Ctrl+c' in DOS; 'Ctrl+z' in Windows:->
Message Word received       = 1010101
m = Length of the Message   = 7
r = Number of Check Bits    = 4
n = Length of the Code Word = 11
 b[][] =  


   p[] =   6  6  4  4

c[0][] =   1  3  5  7  9 11
c[1][] =   2  3  6  7 10 11
c[2][] =   4  5  6  7
c[3][] =   8  9 10 11

Code Word built =  1 1 1 1 0 1 0 0 1 0 1

**>Enter a message word in bits no longer than 26 bits.
To Exit, press 'Ctrl+c' in DOS; 'Ctrl+z' in Windows:->
Message Word received       = 10101010
m = Length of the Message   = 8
r = Number of Check Bits    = 4
n = Length of the Code Word = 12
 b[][] =  


   p[] =   6  6  5  5

c[0][] =   1  3  5  7  9 11
c[1][] =   2  3  6  7 10 11
c[2][] =   4  5  6  7 12
c[3][] =   8  9 10 11 12

Code Word built =  1 1 1 1 0 1 0 0 1 0 1 0

**>Enter a message word in bits no longer than 26 bits.
To Exit, press 'Ctrl+c' in DOS; 'Ctrl+z' in Windows:->
Message Word received       = 101010101
m = Length of the Message   = 9
r = Number of Check Bits    = 4
n = Length of the Code Word = 13
 b[][] =  


   p[] =   7  6  6  6

c[0][] =   1  3  5  7  9 11 13
c[1][] =   2  3  6  7 10 11
c[2][] =   4  5  6  7 12 13
c[3][] =   8  9 10 11 12 13

Code Word built =  0 1 1 0 0 1 0 1 1 0 1 0 1

**>Enter a message word in bits no longer than 26 bits.
To Exit, press 'Ctrl+c' in DOS; 'Ctrl+z' in Windows:->