
                STUDENT STATUS REPORT               PAGE 1

SSN            GRADE LEVEL     CR    PTS     GPA   DECREASED

123456789	Freshman       25    100     4.00
123456789	Sophomore      36    134     3.72    ^^^^^^

111111111	Freshman       30     90     3.00
111111111	Sophomore      37    118     3.19   

222222222	Freshman       11     22     2.00
222222222	Freshman       24     54     2.25   

333333333	Senior        120    360     3.00
333333333	Senior        124    368     2.97    ^^^^^^

444444444	Junior         85    255     3.00
444444444	Senior         96    286     2.98    ^^^^^^

555555555	Sophomore      55    110     2.00
555555555	Junior         67    155     2.31   

666666666	Sophomore      42    126     3.00
666666666	Sophomore      53    156     2.94    ^^^^^^

777777777	Freshman       12     48     4.00
777777777	Freshman       20     68     3.40    ^^^^^^

888888888	Freshman       22     44     2.00
888888888	Freshman       25     53     2.12   

999999999	Sophomore      36     90     2.50
999999999	Sophomore      44    118     2.68   


                STUDENT STATUS REPORT               PAGE 2

SSN            GRADE LEVEL     CR    PTS     GPA   DECREASED

101010101	Sophomore      47     90     1.91
101010101	Sophomore      58    101     1.74    ^^^^^^

111111110	Sophomore      56    140     2.50
111111110	Junior         69    177     2.57   

222222220	Junior         75    170     2.27
222222220	Junior         82    187     2.28   

222525252	Junior         67    190     2.84
222525252	Junior         72    207     2.88   

353535352	Junior         85    260     3.06
353535352	Senior         96    293     3.05    ^^^^^^

524215141	Senior         95    290     3.05
524215141	Senior        106    327     3.08   

525252525	Senior        110    330     3.00
525252525	Senior        122    374     3.07   

626262626	Senior        125    375     3.00
626262626	Senior        132    399     3.02   

727272727	Senior        140    550     3.93
727272727	Senior        147    578     3.93   

852585258	Freshman       15     35     2.33
852585258	Freshman       25     50     2.00    ^^^^^^


                STUDENT STATUS REPORT               PAGE 3

SSN            GRADE LEVEL     CR    PTS     GPA   DECREASED

526352632	Freshman       25     75     3.00
526352632	Sophomore      33    103     3.12   

636363636	Junior         75    250     3.33
636363636	Junior         79    266     3.37   

526987454	Junior         76    250     3.29
526987454	Junior         84    274     3.26    ^^^^^^

585858585	Senior        110    350     3.18
585858585	Senior        121    383     3.17    ^^^^^^

885885858	Freshman       12     36     3.00
885885858	Freshman       18     57     3.17   

774774774	Freshman       23     67     2.91
774774774	Freshman       29     88     3.03   

152415241	Junior         65    130     2.00
152415241	Junior         72    140     1.94    ^^^^^^

888887777	Sophomore      47    150     3.19
888887777	Sophomore      56    177     3.16    ^^^^^^


                STUDENT SUMMERY                   PAGE 4


	TOTAL STUDENTS: 	 28

STATUS:         TOTAL      PERCENT     IMPROVED

Freshman   	   6 	      21 	 4
Sophmore   	   7 	      25 	 3
Junior     	   7 	      25 	 5
Senior     	   8 	      29 	 4

                PROFFESSOR REPORT                 PAGE 5
NAME:         TOTAL STUDENTS        AVG. GPA

janota     		13 		 2.88 
winans     		 8 		 3.38 
zerwekh    		10 		 2.76 
rannie     		 6 		 3.40 
angotti    		 5 		 2.35 
glickfield 		 3 		 2.67 


 NOTES:  

              MISC PROFFESSORS REPORT             PAGE 6
Ref. #:         TOTAL STUDENTS        AVG. GPA

2563    		 5 		 3.00 
2635    		 2 		 2.40 
9658    		 2 		 3.33 
2514    		 1 		 0.00 
8547    		 1 		 3.00 
6352    		 1 		 4.00 
5265    		 1 		 3.00 
5298    		 1 		 3.00 
9587    		 1 		 2.00 
8564    		 1 		 4.00 
2586    		 1 		 4.00 
9856    		 1 		 4.00 
5236    		 1 		 3.00 
5264    		 1 		 1.00 
3256    		 1 		 4.00 
2526    		 1 		 4.00 
5263    		 2 		 3.00 
1475    		 1 		 3.00 
1474    		 1 		 3.00 
