first: tree is not empty
	no of nodes    = 15
	no of leaves   =  6
	height of tree =  5
	width of tree  =  6

The elements of 'first' in inorder:
	-12 7 -4 11 -2 -10 -6 1 15 9 5 -14 3 13 -8 
The elements of 'first' in preorder:
	1 -2 -4 7 -12 11 -6 -10 3 5 9 15 -14 -8 13 
The elements of 'first' in postorder:
	-12 7 11 -4 -10 -6 -2 15 9 -14 5 13 -8 3 1 
The elements of 'first' in levelorder:
	1 -2 3 -4 -6 5 -8 7 11 -10 9 -14 13 -12 15 

first: tree is empty
	no of nodes    =  0
	no of leaves   =  0
	height of tree =  0
	width of tree  =  0

second: tree is not empty
	no of nodes    = 15
	no of leaves   =  6
	height of tree =  5
	width of tree  =  6

The elements of 'second' in inorder:
	12 -7 4 -11 2 10 6 -1 -15 -9 -5 14 -3 -13 8 

third: tree is not empty
	no of nodes    =  9
	no of leaves   =  4
	height of tree =  4
	width of tree  =  4

The elements of 'third' in preorder:
	1.5 2.75 5.25 9 -5.75 -2 6.5 -9.5 10.25 

fourth: tree is not empty
	no of nodes    =  9
	no of leaves   =  4
	height of tree =  4
	width of tree  =  4

The elements of 'fourth' in postorder:
	8 4.25 -6.75 1.75 -10.5 5.5 9.25 -3 0.5 

fifth: tree is not empty
	no of nodes    =  7
	no of leaves   =  3
	height of tree =  4
	width of tree  =  3

The elements of 'sixth' in inorder:
	objects. list is string This of a 
The elements of 'sixth' in preorder:
	This is list objects. string a of 
The elements of 'sixth' in postorder:
	objects. list string is of a This 
The elements of 'sixth' in levelorder:
	This is a list string of objects. 

last: tree is not empty
	no of nodes    = 20
	no of leaves   =  8
	height of tree =  7
	width of tree  =  4

The elements of 'last' in levelorder:
	29 13 37 11 19 31 41 2 17 23 61 5 59 67 3 7 47 71 43 53 
The elements of 'last' in inorder:
	2 3 5 7 11 13 17 19 23 29 31 37 41 43 47 53 59 61 67 71 
